build/app/intermediates/manifest_merge_blame_file/release/manifest-merger-blame-release-report.txt
1<?xml version="1.0" encoding="utf-8"?>
2<manifest xmlns:android="http://schemas.android.com/apk/res/android"
3    package="com.Fahrschulhero"
4    android:versionCode="42"
5    android:versionName="1.0.6" >
6
7    <uses-sdk
8        android:minSdkVersion="21"
8-->src/main/AndroidManifest.xml
9        android:targetSdkVersion="33" />
9-->src/main/AndroidManifest.xml
10
11    <uses-permission android:name="android.permission.ACCESS_FINE_LOCATION" />
11-->src/main/AndroidManifest.xml:2:5-79
11-->src/main/AndroidManifest.xml:2:22-76
12    <uses-permission android:name="android.permission.ACCESS_COARSE_LOCATION" />
12-->src/main/AndroidManifest.xml:3:5-81
12-->src/main/AndroidManifest.xml:3:22-78
13    <uses-permission android:name="android.permission.READ_CONTACTS" />
13-->src/main/AndroidManifest.xml:4:5-71
13-->src/main/AndroidManifest.xml:4:22-69
14    <uses-permission android:name="android.permission.WRITE_CONTACTS" />
14-->src/main/AndroidManifest.xml:5:5-72
14-->src/main/AndroidManifest.xml:5:22-70
15    <uses-permission android:name="android.permission.GET_ACCOUNTS" />
15-->src/main/AndroidManifest.xml:6:5-70
15-->src/main/AndroidManifest.xml:6:22-68
16    <uses-permission android:name="android.permission.CAMERA" />
16-->src/main/AndroidManifest.xml:7:5-65
16-->src/main/AndroidManifest.xml:7:22-62
17    <uses-permission android:name="android.vending.BILLING" />
17-->src/main/AndroidManifest.xml:8:5-62
17-->src/main/AndroidManifest.xml:8:22-60
18    <uses-permission android:name="com.google.android.gms.permission.AD_ID" />
18-->src/main/AndroidManifest.xml:9:5-78
18-->src/main/AndroidManifest.xml:9:22-76
19    <uses-permission android:name="android.permission.INTERNET" />
19-->[:firebase_messaging] AndroidManifest.xml:7:5-67
19-->[:firebase_messaging] AndroidManifest.xml:7:22-64
20    <uses-permission android:name="android.permission.WAKE_LOCK" />
20-->[:firebase_messaging] AndroidManifest.xml:8:5-68
20-->[:firebase_messaging] AndroidManifest.xml:8:22-65
21    <uses-permission android:name="android.permission.ACCESS_NETWORK_STATE" />
21-->[:firebase_messaging] AndroidManifest.xml:9:5-79
21-->[:firebase_messaging] AndroidManifest.xml:9:22-76
22    <uses-permission android:name="android.permission.RECEIVE_BOOT_COMPLETED" />
22-->[:flutter_local_notifications] AndroidManifest.xml:7:5-81
22-->[:flutter_local_notifications] AndroidManifest.xml:7:22-78
23    <uses-permission android:name="android.permission.VIBRATE" />
23-->[:flutter_local_notifications] AndroidManifest.xml:8:5-66
23-->[:flutter_local_notifications] AndroidManifest.xml:8:22-63
24    <uses-permission android:name="android.permission.USE_FULL_SCREEN_INTENT" />
24-->[:flutter_local_notifications] AndroidManifest.xml:9:5-81
24-->[:flutter_local_notifications] AndroidManifest.xml:9:22-78
25    <uses-permission android:name="android.permission.SCHEDULE_EXACT_ALARM" />
25-->[:flutter_local_notifications] AndroidManifest.xml:10:5-79
25-->[:flutter_local_notifications] AndroidManifest.xml:10:22-76
26
27    <queries>
27-->[:contacts_service] AndroidManifest.xml:9:5-22:15
28        <intent>
28-->[:contacts_service] AndroidManifest.xml:10:9-12:18
29            <action android:name="android.accounts.AccountAuthenticator" />
29-->[:contacts_service] AndroidManifest.xml:11:13-76
29-->[:contacts_service] AndroidManifest.xml:11:21-73
30        </intent>
31        <!-- Allows the app to load an icon corresponding to the custom MIME type. -->
32        <intent>
32-->[:contacts_service] AndroidManifest.xml:14:9-21:18
33            <action android:name="android.intent.action.VIEW" />
33-->src/main/AndroidManifest.xml:36:17-69
33-->src/main/AndroidManifest.xml:36:25-66
34
35            <data
35-->src/main/AndroidManifest.xml:39:17-75
36                android:host="com.android.contacts"
37                android:mimeType="vnd.android.cursor.item/*"
38                android:scheme="content" />
38-->src/main/AndroidManifest.xml:39:23-72
39        </intent>
40        <intent>
40-->[com.android.billingclient:billing:6.0.1] AndroidManifest.xml:13:9-15:18
41            <action android:name="com.android.vending.billing.InAppBillingService.BIND" />
41-->[com.android.billingclient:billing:6.0.1] AndroidManifest.xml:14:13-91
41-->[com.android.billingclient:billing:6.0.1] AndroidManifest.xml:14:21-88
42        </intent> <!-- For browser content -->
43        <intent>
43-->[com.google.android.gms:play-services-ads-lite:20.5.0] AndroidManifest.xml:31:9-37:18
44            <action android:name="android.intent.action.VIEW" />
44-->src/main/AndroidManifest.xml:36:17-69
44-->src/main/AndroidManifest.xml:36:25-66
45
46            <category android:name="android.intent.category.BROWSABLE" />
46-->src/main/AndroidManifest.xml:38:17-78
46-->src/main/AndroidManifest.xml:38:27-75
47
48            <data android:scheme="https" />
48-->src/main/AndroidManifest.xml:39:17-75
48-->src/main/AndroidManifest.xml:39:23-72
49        </intent> <!-- End of browser content -->
50        <!-- For CustomTabsService -->
51        <intent>
51-->[com.google.android.gms:play-services-ads-lite:20.5.0] AndroidManifest.xml:40:9-42:18
52            <action android:name="android.support.customtabs.action.CustomTabsService" />
52-->[com.google.android.gms:play-services-ads-lite:20.5.0] AndroidManifest.xml:41:13-90
52-->[com.google.android.gms:play-services-ads-lite:20.5.0] AndroidManifest.xml:41:21-87
53        </intent>
54    </queries>
55
56    <uses-permission android:name="com.android.vending.BILLING" /> <!-- Required by older versions of Google Play services to create IID tokens -->
56-->[com.android.billingclient:billing:6.0.1] AndroidManifest.xml:10:5-67
56-->[com.android.billingclient:billing:6.0.1] AndroidManifest.xml:10:22-64
57    <uses-permission android:name="com.google.android.c2dm.permission.RECEIVE" />
57-->[com.google.firebase:firebase-messaging:23.0.0] AndroidManifest.xml:25:5-82
57-->[com.google.firebase:firebase-messaging:23.0.0] AndroidManifest.xml:25:22-79
58    <uses-permission android:name="com.google.android.finsky.permission.BIND_GET_INSTALL_REFERRER_SERVICE" />
58-->[com.google.android.gms:play-services-measurement:20.0.0] AndroidManifest.xml:26:5-110
58-->[com.google.android.gms:play-services-measurement:20.0.0] AndroidManifest.xml:26:22-107
59
60    <uses-feature
60-->[com.google.android.gms:play-services-maps:17.0.0] AndroidManifest.xml:26:5-28:35
61        android:glEsVersion="0x00020000"
61-->[com.google.android.gms:play-services-maps:17.0.0] AndroidManifest.xml:27:9-41
62        android:required="true" />
62-->[com.google.android.gms:play-services-maps:17.0.0] AndroidManifest.xml:28:9-32
63
64    <uses-permission android:name="android.permission.FOREGROUND_SERVICE" />
64-->[androidx.work:work-runtime:2.7.0] AndroidManifest.xml:28:5-77
64-->[androidx.work:work-runtime:2.7.0] AndroidManifest.xml:28:22-74
65
66    <application
66-->src/main/AndroidManifest.xml:10:5-45:19
67        android:appComponentFactory="androidx.core.app.CoreComponentFactory"
67-->[androidx.core:core:1.6.0] AndroidManifest.xml:24:18-86
68        android:icon="@mipmap/ic_launcher"
68-->src/main/AndroidManifest.xml:10:48-82
69        android:label="Fahrschulhero"
69-->src/main/AndroidManifest.xml:10:18-47
70        android:supportsRtl="true" >
70-->[com.facebook.android:facebook-login:12.2.0] AndroidManifest.xml:28:18-44
71        <meta-data
71-->src/main/AndroidManifest.xml:11:9-133
72            android:name="com.google.android.gms.ads.APPLICATION_ID"
72-->src/main/AndroidManifest.xml:11:20-76
73            android:value="ca-app-pub-4716968301608553~2359509140" />
73-->src/main/AndroidManifest.xml:11:77-131
74        <meta-data
74-->src/main/AndroidManifest.xml:13:9-123
75            android:name="com.google.android.geo.API_KEY"
75-->src/main/AndroidManifest.xml:13:20-65
76            android:value="AIzaSyDZZeGlIGUIPs4o8ahJE_yq6pJv3GhbKQ8" />
76-->src/main/AndroidManifest.xml:13:66-121
77
78        <activity
78-->src/main/AndroidManifest.xml:14:9-162
79            android:name="com.yalantis.ucrop.UCropActivity"
79-->src/main/AndroidManifest.xml:14:19-66
80            android:screenOrientation="portrait"
80-->src/main/AndroidManifest.xml:14:67-103
81            android:theme="@style/Theme.AppCompat.Light.NoActionBar" />
81-->src/main/AndroidManifest.xml:14:104-160
82        <activity
82-->src/main/AndroidManifest.xml:15:9-31:20
83            android:name="com.example.drive.MainActivity"
83-->src/main/AndroidManifest.xml:15:19-47
84            android:configChanges="orientation|keyboardHidden|keyboard|screenSize|smallestScreenSize|locale|layoutDirection|fontScale|screenLayout|density|uiMode"
84-->src/main/AndroidManifest.xml:15:138-288
85            android:exported="true"
85-->src/main/AndroidManifest.xml:15:48-71
86            android:hardwareAccelerated="true"
86-->src/main/AndroidManifest.xml:15:289-323
87            android:launchMode="singleTop"
87-->src/main/AndroidManifest.xml:15:72-102
88            android:theme="@style/LaunchTheme"
88-->src/main/AndroidManifest.xml:15:103-137
89            android:windowSoftInputMode="adjustResize" >
89-->src/main/AndroidManifest.xml:15:324-366
90
91            <!--
92                 Specifies an Android theme to apply to this Activity as soon as
93                 the Android process has started. This theme is visible to the user
94                 while the Flutter UI initializes. After that, this theme continues
95                 to determine the Window background behind the Flutter UI.
96            -->
97            <meta-data
97-->src/main/AndroidManifest.xml:20:13-120
98                android:name="io.flutter.embedding.android.NormalTheme"
98-->src/main/AndroidManifest.xml:20:24-79
99                android:resource="@style/NormalTheme" />
99-->src/main/AndroidManifest.xml:20:80-117
100            <!--
101                 Displays an Android View that continues showing the launch screen
102                 Drawable until Flutter paints its first frame, then this splash
103                 screen fades out. A splash screen is useful to avoid any visual
104                 gap between the end of Android's launch screen and the painting of
105                 Flutter's first frame.
106            -->
107            <meta-data
107-->src/main/AndroidManifest.xml:26:13-138
108                android:name="io.flutter.embedding.android.SplashScreenDrawable"
108-->src/main/AndroidManifest.xml:26:24-88
109                android:resource="@drawable/launch_background" />
109-->src/main/AndroidManifest.xml:26:89-135
110
111            <intent-filter>
111-->src/main/AndroidManifest.xml:27:13-30:29
112                <action android:name="android.intent.action.MAIN" />
112-->src/main/AndroidManifest.xml:28:17-68
112-->src/main/AndroidManifest.xml:28:25-66
113
114                <category android:name="android.intent.category.LAUNCHER" />
114-->src/main/AndroidManifest.xml:29:17-76
114-->src/main/AndroidManifest.xml:29:27-74
115            </intent-filter>
116        </activity>
117
118        <meta-data
118-->src/main/AndroidManifest.xml:32:9-107
119            android:name="com.facebook.sdk.ApplicationId"
119-->src/main/AndroidManifest.xml:32:20-65
120            android:value="@string/facebook_app_id" />
120-->src/main/AndroidManifest.xml:32:66-105
121
122        <activity
122-->src/main/AndroidManifest.xml:33:9-183
123            android:name="com.facebook.FacebookActivity"
123-->src/main/AndroidManifest.xml:33:19-63
124            android:configChanges="keyboard|keyboardHidden|screenLayout|screenSize|orientation"
124-->src/main/AndroidManifest.xml:33:64-147
125            android:label="@string/app_name"
125-->src/main/AndroidManifest.xml:33:148-180
126            android:theme="@style/com_facebook_activity_theme" />
126-->[com.facebook.android:facebook-common:12.2.0] AndroidManifest.xml:33:13-63
127        <activity
127-->src/main/AndroidManifest.xml:34:9-41:20
128            android:name="com.facebook.CustomTabActivity"
128-->src/main/AndroidManifest.xml:34:19-64
129            android:exported="true" >
129-->src/main/AndroidManifest.xml:34:65-88
130            <intent-filter>
130-->src/main/AndroidManifest.xml:35:13-40:29
131                <action android:name="android.intent.action.VIEW" />
131-->src/main/AndroidManifest.xml:36:17-69
131-->src/main/AndroidManifest.xml:36:25-66
132
133                <category android:name="android.intent.category.DEFAULT" />
133-->src/main/AndroidManifest.xml:37:17-76
133-->src/main/AndroidManifest.xml:37:27-73
134                <category android:name="android.intent.category.BROWSABLE" />
134-->src/main/AndroidManifest.xml:38:17-78
134-->src/main/AndroidManifest.xml:38:27-75
135
136                <data android:scheme="@string/fb_login_protocol_scheme" />
136-->src/main/AndroidManifest.xml:39:17-75
136-->src/main/AndroidManifest.xml:39:23-72
137            </intent-filter>
138            <intent-filter>
138-->[com.facebook.android:facebook-common:12.2.0] AndroidManifest.xml:39:13-48:29
139                <action android:name="android.intent.action.VIEW" />
139-->src/main/AndroidManifest.xml:36:17-69
139-->src/main/AndroidManifest.xml:36:25-66
140
141                <category android:name="android.intent.category.DEFAULT" />
141-->src/main/AndroidManifest.xml:37:17-76
141-->src/main/AndroidManifest.xml:37:27-73
142                <category android:name="android.intent.category.BROWSABLE" />
142-->src/main/AndroidManifest.xml:38:17-78
142-->src/main/AndroidManifest.xml:38:27-75
143
144                <data
144-->src/main/AndroidManifest.xml:39:17-75
145                    android:host="cct.com.Fahrschulhero"
146                    android:scheme="fbconnect" />
146-->src/main/AndroidManifest.xml:39:23-72
147            </intent-filter>
148        </activity>
149        <!--
150             Don't delete the meta-data below.
151             This is used by the Flutter tool to generate GeneratedPluginRegistrant.java
152        -->
153        <meta-data
153-->src/main/AndroidManifest.xml:44:9-72
154            android:name="flutterEmbedding"
154-->src/main/AndroidManifest.xml:44:20-51
155            android:value="2" />
155-->src/main/AndroidManifest.xml:44:52-69
156
157        <service
157-->[:firebase_messaging] AndroidManifest.xml:12:9-15:72
158            android:name="io.flutter.plugins.firebase.messaging.FlutterFirebaseMessagingBackgroundService"
158-->[:firebase_messaging] AndroidManifest.xml:13:13-107
159            android:exported="false"
159-->[:firebase_messaging] AndroidManifest.xml:14:13-37
160            android:permission="android.permission.BIND_JOB_SERVICE" />
160-->[:firebase_messaging] AndroidManifest.xml:15:13-69
161        <service
161-->[:firebase_messaging] AndroidManifest.xml:16:9-22:19
162            android:name="io.flutter.plugins.firebase.messaging.FlutterFirebaseMessagingService"
162-->[:firebase_messaging] AndroidManifest.xml:17:13-97
163            android:exported="false" >
163-->[:firebase_messaging] AndroidManifest.xml:18:13-37
164            <intent-filter>
164-->[:firebase_messaging] AndroidManifest.xml:19:13-21:29
165                <action android:name="com.google.firebase.MESSAGING_EVENT" />
165-->[:firebase_messaging] AndroidManifest.xml:20:17-78
165-->[:firebase_messaging] AndroidManifest.xml:20:25-75
166            </intent-filter>
167        </service>
168
169        <receiver
169-->[:firebase_messaging] AndroidManifest.xml:24:9-31:20
170            android:name="io.flutter.plugins.firebase.messaging.FlutterFirebaseMessagingReceiver"
170-->[:firebase_messaging] AndroidManifest.xml:25:13-98
171            android:exported="true"
171-->[:firebase_messaging] AndroidManifest.xml:26:13-36
172            android:permission="com.google.android.c2dm.permission.SEND" >
172-->[:firebase_messaging] AndroidManifest.xml:27:13-73
173            <intent-filter>
173-->[:firebase_messaging] AndroidManifest.xml:28:13-30:29
174                <action android:name="com.google.android.c2dm.intent.RECEIVE" />
174-->[:firebase_messaging] AndroidManifest.xml:29:17-81
174-->[:firebase_messaging] AndroidManifest.xml:29:25-78
175            </intent-filter>
176        </receiver>
177
178        <service
178-->[:firebase_messaging] AndroidManifest.xml:33:9-37:19
179            android:name="com.google.firebase.components.ComponentDiscoveryService"
179-->[:firebase_messaging] AndroidManifest.xml:33:18-89
180            android:directBootAware="true"
180-->[com.google.firebase:firebase-common:20.0.0] AndroidManifest.xml:35:13-43
181            android:exported="false" >
181-->[com.google.firebase:firebase-messaging:23.0.0] AndroidManifest.xml:51:13-37
182            <meta-data
182-->[:firebase_messaging] AndroidManifest.xml:34:13-36:85
183                android:name="com.google.firebase.components:io.flutter.plugins.firebase.messaging.FlutterFirebaseAppRegistrar"
183-->[:firebase_messaging] AndroidManifest.xml:35:17-128
184                android:value="com.google.firebase.components.ComponentRegistrar" />
184-->[:firebase_messaging] AndroidManifest.xml:36:17-82
185            <meta-data
185-->[:firebase_dynamic_links] AndroidManifest.xml:11:13-13:85
186                android:name="com.google.firebase.components:io.flutter.plugins.firebasedynamiclinks.FlutterFirebaseAppRegistrar"
186-->[:firebase_dynamic_links] AndroidManifest.xml:12:17-130
187                android:value="com.google.firebase.components.ComponentRegistrar" />
187-->[:firebase_dynamic_links] AndroidManifest.xml:13:17-82
188            <meta-data
188-->[:firebase_core] AndroidManifest.xml:9:13-11:85
189                android:name="com.google.firebase.components:io.flutter.plugins.firebase.core.FlutterFirebaseCoreRegistrar"
189-->[:firebase_core] AndroidManifest.xml:10:17-124
190                android:value="com.google.firebase.components.ComponentRegistrar" />
190-->[:firebase_core] AndroidManifest.xml:11:17-82
191            <meta-data
191-->[com.google.firebase:firebase-messaging:23.0.0] AndroidManifest.xml:52:13-54:85
192                android:name="com.google.firebase.components:com.google.firebase.messaging.FirebaseMessagingRegistrar"
192-->[com.google.firebase:firebase-messaging:23.0.0] AndroidManifest.xml:53:17-119
193                android:value="com.google.firebase.components.ComponentRegistrar" />
193-->[com.google.firebase:firebase-messaging:23.0.0] AndroidManifest.xml:54:17-82
194            <meta-data
194-->[com.google.firebase:firebase-datatransport:18.0.0] AndroidManifest.xml:28:13-30:85
195                android:name="com.google.firebase.components:com.google.firebase.datatransport.TransportRegistrar"
195-->[com.google.firebase:firebase-datatransport:18.0.0] AndroidManifest.xml:29:17-115
196                android:value="com.google.firebase.components.ComponentRegistrar" />
196-->[com.google.firebase:firebase-datatransport:18.0.0] AndroidManifest.xml:30:17-82
197            <meta-data
197-->[com.google.firebase:firebase-dynamic-links:21.0.0] AndroidManifest.xml:27:13-29:85
198                android:name="com.google.firebase.components:com.google.firebase.dynamiclinks.internal.FirebaseDynamicLinkRegistrar"
198-->[com.google.firebase:firebase-dynamic-links:21.0.0] AndroidManifest.xml:28:17-133
199                android:value="com.google.firebase.components.ComponentRegistrar" />
199-->[com.google.firebase:firebase-dynamic-links:21.0.0] AndroidManifest.xml:29:17-82
200            <meta-data
200-->[com.google.android.gms:play-services-measurement-api:20.0.0] AndroidManifest.xml:30:13-32:85
201                android:name="com.google.firebase.components:com.google.firebase.analytics.connector.internal.AnalyticsConnectorRegistrar"
201-->[com.google.android.gms:play-services-measurement-api:20.0.0] AndroidManifest.xml:31:17-139
202                android:value="com.google.firebase.components.ComponentRegistrar" />
202-->[com.google.android.gms:play-services-measurement-api:20.0.0] AndroidManifest.xml:32:17-82
203            <meta-data
203-->[com.google.firebase:firebase-installations:17.0.0] AndroidManifest.xml:18:13-20:85
204                android:name="com.google.firebase.components:com.google.firebase.installations.FirebaseInstallationsRegistrar"
204-->[com.google.firebase:firebase-installations:17.0.0] AndroidManifest.xml:19:17-127
205                android:value="com.google.firebase.components.ComponentRegistrar" />
205-->[com.google.firebase:firebase-installations:17.0.0] AndroidManifest.xml:20:17-82
206        </service>
207
208        <provider
208-->[:firebase_messaging] AndroidManifest.xml:39:9-43:38
209            android:name="io.flutter.plugins.firebase.messaging.FlutterFirebaseMessagingInitProvider"
209-->[:firebase_messaging] AndroidManifest.xml:40:13-102
210            android:authorities="com.Fahrschulhero.flutterfirebasemessaginginitprovider"
210-->[:firebase_messaging] AndroidManifest.xml:41:13-88
211            android:exported="false"
211-->[:firebase_messaging] AndroidManifest.xml:42:13-37
212            android:initOrder="99" />
212-->[:firebase_messaging] AndroidManifest.xml:43:13-35
213        <provider
213-->[:image_picker] AndroidManifest.xml:8:9-16:20
214            android:name="io.flutter.plugins.imagepicker.ImagePickerFileProvider"
214-->[:image_picker] AndroidManifest.xml:9:13-82
215            android:authorities="com.Fahrschulhero.flutter.image_provider"
215-->[:image_picker] AndroidManifest.xml:10:13-74
216            android:exported="false"
216-->[:image_picker] AndroidManifest.xml:11:13-37
217            android:grantUriPermissions="true" >
217-->[:image_picker] AndroidManifest.xml:12:13-47
218            <meta-data
218-->[:image_picker] AndroidManifest.xml:13:13-15:75
219                android:name="android.support.FILE_PROVIDER_PATHS"
219-->[:image_picker] AndroidManifest.xml:14:17-67
220                android:resource="@xml/flutter_image_picker_file_paths" />
220-->[:image_picker] AndroidManifest.xml:15:17-72
221        </provider>
222
223        <receiver
223-->[:flutter_local_notifications] AndroidManifest.xml:13:9-15:40
224            android:name="com.dexterous.flutterlocalnotifications.ScheduledNotificationReceiver"
224-->[:flutter_local_notifications] AndroidManifest.xml:14:13-97
225            android:exported="false" />
225-->[:flutter_local_notifications] AndroidManifest.xml:15:13-37
226        <receiver
226-->[:flutter_local_notifications] AndroidManifest.xml:16:9-25:20
227            android:name="com.dexterous.flutterlocalnotifications.ScheduledNotificationBootReceiver"
227-->[:flutter_local_notifications] AndroidManifest.xml:17:13-101
228            android:exported="false" >
228-->[:flutter_local_notifications] AndroidManifest.xml:18:13-37
229            <intent-filter>
229-->[:flutter_local_notifications] AndroidManifest.xml:19:13-24:29
230                <action android:name="android.intent.action.BOOT_COMPLETED" />
230-->[:flutter_local_notifications] AndroidManifest.xml:20:17-79
230-->[:flutter_local_notifications] AndroidManifest.xml:20:25-76
231                <action android:name="android.intent.action.MY_PACKAGE_REPLACED" />
231-->[:flutter_local_notifications] AndroidManifest.xml:21:17-84
231-->[:flutter_local_notifications] AndroidManifest.xml:21:25-81
232                <action android:name="android.intent.action.QUICKBOOT_POWERON" />
232-->[:flutter_local_notifications] AndroidManifest.xml:22:17-82
232-->[:flutter_local_notifications] AndroidManifest.xml:22:25-79
233                <action android:name="com.htc.intent.action.QUICKBOOT_POWERON" />
233-->[:flutter_local_notifications] AndroidManifest.xml:23:17-82
233-->[:flutter_local_notifications] AndroidManifest.xml:23:25-79
234            </intent-filter>
235        </receiver>
236
237        <meta-data
237-->[:google_mobile_ads] AndroidManifest.xml:10:9-12:36
238            android:name="io.flutter.embedded_views_preview"
238-->[:google_mobile_ads] AndroidManifest.xml:11:13-61
239            android:value="true" />
239-->[:google_mobile_ads] AndroidManifest.xml:12:13-33
240
241        <provider
241-->[:share] AndroidManifest.xml:8:9-16:20
242            android:name="io.flutter.plugins.share.ShareFileProvider"
242-->[:share] AndroidManifest.xml:9:13-70
243            android:authorities="com.Fahrschulhero.flutter.share_provider"
243-->[:share] AndroidManifest.xml:10:13-74
244            android:exported="false"
244-->[:share] AndroidManifest.xml:11:13-37
245            android:grantUriPermissions="true" >
245-->[:share] AndroidManifest.xml:12:13-47
246            <meta-data
246-->[:image_picker] AndroidManifest.xml:13:13-15:75
247                android:name="android.support.FILE_PROVIDER_PATHS"
247-->[:image_picker] AndroidManifest.xml:14:17-67
248                android:resource="@xml/flutter_share_file_paths" />
248-->[:image_picker] AndroidManifest.xml:15:17-72
249        </provider>
250
251        <activity
251-->[:url_launcher_android] AndroidManifest.xml:8:9-11:74
252            android:name="io.flutter.plugins.urllauncher.WebViewActivity"
252-->[:url_launcher_android] AndroidManifest.xml:9:13-74
253            android:exported="false"
253-->[:url_launcher_android] AndroidManifest.xml:10:13-37
254            android:theme="@android:style/Theme.NoTitleBar.Fullscreen" />
254-->[:url_launcher_android] AndroidManifest.xml:11:13-71
255        <activity android:name="com.facebook.CustomTabMainActivity" />
255-->[com.facebook.android:facebook-common:12.2.0] AndroidManifest.xml:34:9-71
255-->[com.facebook.android:facebook-common:12.2.0] AndroidManifest.xml:34:19-68
256        <!--
257         The initialization ContentProvider will call FacebookSdk.sdkInitialize automatically
258         with the application context. This config is merged in with the host app's manifest,
259         but there can only be one provider with the same authority activated at any given
260         point; so if the end user has two or more different apps that use Facebook SDK, only the
261         first one will be able to use the provider. To work around this problem, we use the
262         following placeholder in the authority to identify each host application as if it was
263         a completely different provider.
264        -->
265        <provider
265-->[com.facebook.android:facebook-core:12.2.0] AndroidManifest.xml:39:9-42:40
266            android:name="com.facebook.internal.FacebookInitProvider"
266-->[com.facebook.android:facebook-core:12.2.0] AndroidManifest.xml:40:13-70
267            android:authorities="com.Fahrschulhero.FacebookInitProvider"
267-->[com.facebook.android:facebook-core:12.2.0] AndroidManifest.xml:41:13-72
268            android:exported="false" />
268-->[com.facebook.android:facebook-core:12.2.0] AndroidManifest.xml:42:13-37
269
270        <receiver
270-->[com.facebook.android:facebook-core:12.2.0] AndroidManifest.xml:44:9-50:20
271            android:name="com.facebook.CurrentAccessTokenExpirationBroadcastReceiver"
271-->[com.facebook.android:facebook-core:12.2.0] AndroidManifest.xml:45:13-86
272            android:exported="false" >
272-->[com.facebook.android:facebook-core:12.2.0] AndroidManifest.xml:46:13-37
273            <intent-filter>
273-->[com.facebook.android:facebook-core:12.2.0] AndroidManifest.xml:47:13-49:29
274                <action android:name="com.facebook.sdk.ACTION_CURRENT_ACCESS_TOKEN_CHANGED" />
274-->[com.facebook.android:facebook-core:12.2.0] AndroidManifest.xml:48:17-95
274-->[com.facebook.android:facebook-core:12.2.0] AndroidManifest.xml:48:25-92
275            </intent-filter>
276        </receiver>
277        <receiver
277-->[com.facebook.android:facebook-core:12.2.0] AndroidManifest.xml:51:9-57:20
278            android:name="com.facebook.AuthenticationTokenManager$CurrentAuthenticationTokenChangedBroadcastReceiver"
278-->[com.facebook.android:facebook-core:12.2.0] AndroidManifest.xml:52:13-118
279            android:exported="false" >
279-->[com.facebook.android:facebook-core:12.2.0] AndroidManifest.xml:53:13-37
280            <intent-filter>
280-->[com.facebook.android:facebook-core:12.2.0] AndroidManifest.xml:54:13-56:29
281                <action android:name="com.facebook.sdk.ACTION_CURRENT_AUTHENTICATION_TOKEN_CHANGED" />
281-->[com.facebook.android:facebook-core:12.2.0] AndroidManifest.xml:55:17-103
281-->[com.facebook.android:facebook-core:12.2.0] AndroidManifest.xml:55:25-100
282            </intent-filter>
283        </receiver>
284
285        <uses-library
285-->[androidx.window:window:1.0.0-beta04] AndroidManifest.xml:25:9-27:40
286            android:name="androidx.window.extensions"
286-->[androidx.window:window:1.0.0-beta04] AndroidManifest.xml:26:13-54
287            android:required="false" />
287-->[androidx.window:window:1.0.0-beta04] AndroidManifest.xml:27:13-37
288        <uses-library
288-->[androidx.window:window:1.0.0-beta04] AndroidManifest.xml:28:9-30:40
289            android:name="androidx.window.sidecar"
289-->[androidx.window:window:1.0.0-beta04] AndroidManifest.xml:29:13-51
290            android:required="false" />
290-->[androidx.window:window:1.0.0-beta04] AndroidManifest.xml:30:13-37
291
292        <meta-data
292-->[com.android.billingclient:billing:6.0.1] AndroidManifest.xml:19:9-21:37
293            android:name="com.google.android.play.billingclient.version"
293-->[com.android.billingclient:billing:6.0.1] AndroidManifest.xml:20:13-73
294            android:value="6.0.1" />
294-->[com.android.billingclient:billing:6.0.1] AndroidManifest.xml:21:13-34
295
296        <activity
296-->[com.android.billingclient:billing:6.0.1] AndroidManifest.xml:23:9-27:75
297            android:name="com.android.billingclient.api.ProxyBillingActivity"
297-->[com.android.billingclient:billing:6.0.1] AndroidManifest.xml:24:13-78
298            android:configChanges="keyboard|keyboardHidden|screenLayout|screenSize|orientation"
298-->[com.android.billingclient:billing:6.0.1] AndroidManifest.xml:25:13-96
299            android:exported="false"